<?xml version="1.0" encoding="UTF-8"?>
<!-- Generated by org.testng.reporters.JUnitXMLReporter -->
<testsuite ignored="0" hostname="MSI" failures="0" tests="3" name="Surefire test" time="28.367" errors="0" timestamp="2026-01-05T13:18:52 IST">
  <testcase classname="rajeshsalimath.TestCases.ShopSubmitOrderTest" name="SubmitOrder" time="3.88"/>
  <testcase classname="rajeshsalimath.TestCases.ShopSubmitOrderTest" name="SubmitOrder" time="3.765"/>
  <testcase classname="rajeshsalimath.TestCases.ShopSubmitOrderTest" name="OrderHistoryTest" time="0.607"/>
</testsuite> <!-- Surefire test -->
