<?xml version="1.0" encoding="UTF-8"?>
<!-- Generated by org.testng.reporters.JUnitXMLReporter -->
<testsuite ignored="2" hostname="MSI" failures="0" tests="0" time="0.009" errors="0" timestamp="2026-01-05T16:08:39 IST">
  <testcase classname="rajeshsalimath.TestCases.ErrorValidationTestLogin" name="productErrorTest" time="0.0">
    <ignored/>
  </testcase> <!-- productErrorTest -->
  <testcase classname="rajeshsalimath.TestCases.ErrorValidationTestLogin" name="loginErrorTest" time="0.0">
    <ignored/>
  </testcase> <!-- loginErrorTest -->
</testsuite>
