<?xml version="1.0" encoding="UTF-8"?>
<!-- Generated by org.testng.reporters.JUnitXMLReporter -->
<testsuite ignored="0" hostname="MSI" failures="0" tests="3" name="Submit Order Test" time="23.035" errors="0" timestamp="2026-01-06T16:25:21 IST">
  <testcase classname="rajeshsalimath.TestCases.ShopSubmitOrderTest" name="SubmitOrder" time="4.765"/>
  <testcase classname="rajeshsalimath.TestCases.ShopSubmitOrderTest" name="SubmitOrder" time="5.336"/>
  <testcase classname="rajeshsalimath.TestCases.ShopSubmitOrderTest" name="OrderHistoryTest" time="0.967"/>
</testsuite> <!-- Submit Order Test -->
