<?xml version="1.0" encoding="UTF-8"?>
<!-- Generated by org.testng.reporters.JUnitReportReporter -->
<testsuite hostname="MSI" failures="0" tests="3" name="rajeshsalimath.TestCases.ShopSubmitOrderTest" time="22.762" errors="0" timestamp="2026-01-06T16:25:22 IST" skipped="0">
  <testcase classname="rajeshsalimath.TestCases.ShopSubmitOrderTest" name="SubmitOrder" time="8.356"/>
  <testcase classname="rajeshsalimath.TestCases.ShopSubmitOrderTest" name="SubmitOrder" time="7.718"/>
  <testcase classname="rajeshsalimath.TestCases.ShopSubmitOrderTest" name="OrderHistoryTest" time="6.688"/>
</testsuite> <!-- rajeshsalimath.TestCases.ShopSubmitOrderTest -->
